<?xml version="1.0" encoding="UTF-8"?>
<!-- Generated by org.testng.reporters.JUnitReportReporter -->
<testsuite skipped="0" hostname="FIN24" name="test.BrowserTest" tests="1" failures="0" timestamp="06 Aug 2019 04:57:19 GMT" time="15.173" errors="1">
  <testcase name="launchbrowser" time="15.173" classname="test.BrowserTest">
    <error type="org.openqa.selenium.SessionNotCreatedException" message="session not created
from chrome not reachable
  (Session info: chrome=76.0.3809.87)
Build info: version: &#039;3.141.59&#039;, revision: &#039;e82be7d358&#039;, time: &#039;2018-11-14T08:17:03&#039;
System info: host: &#039;FIN24&#039;, ip: &#039;192.168.1.143&#039;, os.name: &#039;Windows 10&#039;, os.arch: &#039;amd64&#039;, os.version: &#039;10.0&#039;, java.version: &#039;1.8.0_212&#039;
Driver info: driver.version: ChromeDriver
remote stacktrace: Backtrace:
	Ordinal0 [0x006F7C93+1473683]
	Ordinal0 [0x0067ADB1+961969]
	Ordinal0 [0x0060418C+475532]
	Ordinal0 [0x005FDB1A+449306]
	Ordinal0 [0x005FE1B8+451000]
	Ordinal0 [0x005FF2C5+455365]
	Ordinal0 [0x005FB4C5+439493]
	Ordinal0 [0x00604F40+479040]
	Ordinal0 [0x005B98FE+170238]
	Ordinal0 [0x005B8D1D+167197]
	Ordinal0 [0x005B742B+160811]
	Ordinal0 [0x005A0AE6+68326]
	Ordinal0 [0x005A1BF0+72688]
	Ordinal0 [0x005A1B89+72585]
	Ordinal0 [0x00694B77+1067895]
	GetHandleVerifier [0x00796875+506677]
	GetHandleVerifier [0x00796610+506064]
	GetHandleVerifier [0x0079D1B8+533624]
	GetHandleVerifier [0x0079704A+508682]
	Ordinal0 [0x0068C266+1032806]
	Ordinal0 [0x0068C0DF+1032415]
	Ordinal0 [0x00696A8B+1075851]
	Ordinal0 [0x00696BF3+1076211]
	Ordinal0 [0x00695BA5+1072037]
	BaseThreadInitThunk [0x75B66359+25]
	RtlGetAppContainerNamedObjectPath [0x77567A94+228]
	RtlGetAppContainerNamedObjectPath [0x77567A64+180]
">
      <![CDATA[org.openqa.selenium.SessionNotCreatedException: session not created
from chrome not reachable
  (Session info: chrome=76.0.3809.87)
Build info: version: '3.141.59', revision: 'e82be7d358', time: '2018-11-14T08:17:03'
System info: host: 'FIN24', ip: '192.168.1.143', os.name: 'Windows 10', os.arch: 'amd64', os.version: '10.0', java.version: '1.8.0_212'
Driver info: driver.version: ChromeDriver
remote stacktrace: Backtrace:
Ordinal0 [0x006F7C93+1473683]
Ordinal0 [0x0067ADB1+961969]
Ordinal0 [0x0060418C+475532]
Ordinal0 [0x005FDB1A+449306]
Ordinal0 [0x005FE1B8+451000]
Ordinal0 [0x005FF2C5+455365]
Ordinal0 [0x005FB4C5+439493]
Ordinal0 [0x00604F40+479040]
Ordinal0 [0x005B98FE+170238]
Ordinal0 [0x005B8D1D+167197]
Ordinal0 [0x005B742B+160811]
Ordinal0 [0x005A0AE6+68326]
Ordinal0 [0x005A1BF0+72688]
Ordinal0 [0x005A1B89+72585]
Ordinal0 [0x00694B77+1067895]
GetHandleVerifier [0x00796875+506677]
GetHandleVerifier [0x00796610+506064]
GetHandleVerifier [0x0079D1B8+533624]
GetHandleVerifier [0x0079704A+508682]
Ordinal0 [0x0068C266+1032806]
Ordinal0 [0x0068C0DF+1032415]
Ordinal0 [0x00696A8B+1075851]
Ordinal0 [0x00696BF3+1076211]
Ordinal0 [0x00695BA5+1072037]
BaseThreadInitThunk [0x75B66359+25]
RtlGetAppContainerNamedObjectPath [0x77567A94+228]
RtlGetAppContainerNamedObjectPath [0x77567A64+180]

at sun.reflect.NativeConstructorAccessorImpl.newInstance0(Native Method)
at sun.reflect.NativeConstructorAccessorImpl.newInstance(Unknown Source)
at sun.reflect.DelegatingConstructorAccessorImpl.newInstance(Unknown Source)
at java.lang.reflect.Constructor.newInstance(Unknown Source)
at org.openqa.selenium.remote.W3CHandshakeResponse.lambda$errorHandler$0(W3CHandshakeResponse.java:62)
at org.openqa.selenium.remote.HandshakeResponse.lambda$getResponseFunction$0(HandshakeResponse.java:30)
at org.openqa.selenium.remote.ProtocolHandshake.lambda$createSession$0(ProtocolHandshake.java:126)
at java.util.stream.ReferencePipeline$3$1.accept(Unknown Source)
at java.util.Spliterators$ArraySpliterator.tryAdvance(Unknown Source)
at java.util.stream.ReferencePipeline.forEachWithCancel(Unknown Source)
at java.util.stream.AbstractPipeline.copyIntoWithCancel(Unknown Source)
at java.util.stream.AbstractPipeline.copyInto(Unknown Source)
at java.util.stream.AbstractPipeline.wrapAndCopyInto(Unknown Source)
at java.util.stream.FindOps$FindOp.evaluateSequential(Unknown Source)
at java.util.stream.AbstractPipeline.evaluate(Unknown Source)
at java.util.stream.ReferencePipeline.findFirst(Unknown Source)
at org.openqa.selenium.remote.ProtocolHandshake.createSession(ProtocolHandshake.java:128)
at org.openqa.selenium.remote.ProtocolHandshake.createSession(ProtocolHandshake.java:74)
at org.openqa.selenium.remote.HttpCommandExecutor.execute(HttpCommandExecutor.java:136)
at org.openqa.selenium.remote.service.DriverCommandExecutor.execute(DriverCommandExecutor.java:83)
at org.openqa.selenium.remote.RemoteWebDriver.execute(RemoteWebDriver.java:552)
at org.openqa.selenium.remote.RemoteWebDriver.startSession(RemoteWebDriver.java:213)
at org.openqa.selenium.remote.RemoteWebDriver.<init>(RemoteWebDriver.java:131)
at org.openqa.selenium.chrome.ChromeDriver.<init>(ChromeDriver.java:181)
at org.openqa.selenium.chrome.ChromeDriver.<init>(ChromeDriver.java:168)
at org.openqa.selenium.chrome.ChromeDriver.<init>(ChromeDriver.java:123)
at test.BrowserTest.launchbrowser(BrowserTest.java:13)
at sun.reflect.NativeMethodAccessorImpl.invoke0(Native Method)
at sun.reflect.NativeMethodAccessorImpl.invoke(Unknown Source)
at sun.reflect.DelegatingMethodAccessorImpl.invoke(Unknown Source)
at java.lang.reflect.Method.invoke(Unknown Source)
at org.testng.internal.MethodInvocationHelper.invokeMethod(MethodInvocationHelper.java:124)
at org.testng.internal.Invoker.invokeMethod(Invoker.java:583)
at org.testng.internal.Invoker.invokeTestMethod(Invoker.java:719)
at org.testng.internal.Invoker.invokeTestMethods(Invoker.java:989)
at org.testng.internal.TestMethodWorker.invokeTestMethods(TestMethodWorker.java:125)
at org.testng.internal.TestMethodWorker.run(TestMethodWorker.java:109)
at org.testng.TestRunner.privateRun(TestRunner.java:648)
at org.testng.TestRunner.run(TestRunner.java:505)
at org.testng.SuiteRunner.runTest(SuiteRunner.java:455)
at org.testng.SuiteRunner.runSequentially(SuiteRunner.java:450)
at org.testng.SuiteRunner.privateRun(SuiteRunner.java:415)
at org.testng.SuiteRunner.run(SuiteRunner.java:364)
at org.testng.SuiteRunnerWorker.runSuite(SuiteRunnerWorker.java:52)
at org.testng.SuiteRunnerWorker.run(SuiteRunnerWorker.java:84)
at org.testng.TestNG.runSuitesSequentially(TestNG.java:1208)
at org.testng.TestNG.runSuitesLocally(TestNG.java:1137)
at org.testng.TestNG.runSuites(TestNG.java:1049)
at org.testng.TestNG.run(TestNG.java:1017)
at org.testng.remote.AbstractRemoteTestNG.run(AbstractRemoteTestNG.java:115)
at org.testng.remote.RemoteTestNG.initAndRun(RemoteTestNG.java:251)
at org.testng.remote.RemoteTestNG.main(RemoteTestNG.java:77)
]]>
    </error>
  </testcase> <!-- launchbrowser -->
</testsuite> <!-- test.BrowserTest -->
